\BOOKMARK [1][-]{section.1}{Introduction}{}% 1
\BOOKMARK [1][-]{section.2}{The\040Splb\040language}{}% 2
\BOOKMARK [2][-]{subsection.2.1}{Language\040overview}{section.2}% 3
\BOOKMARK [2][-]{subsection.2.2}{Safety}{section.2}% 4
\BOOKMARK [2][-]{subsection.2.3}{Formal\040specification}{section.2}% 5
\BOOKMARK [1][-]{section.3}{The\040Spla\040language}{}% 6
\BOOKMARK [2][-]{subsection.3.1}{Language\040overview}{section.3}% 7
\BOOKMARK [2][-]{subsection.3.2}{Safety}{section.3}% 8
\BOOKMARK [2][-]{subsection.3.3}{Formal\040specification}{section.3}% 9
\BOOKMARK [1][-]{section.4}{Notation\040and\040conventions}{}% 10
\BOOKMARK [1][-]{section.5}{Semantics}{}% 11
\BOOKMARK [2][-]{subsection.5.1}{Valid\040programs}{section.5}% 12
\BOOKMARK [2][-]{subsection.5.2}{Dynamic\040exceptions}{section.5}% 13
\BOOKMARK [2][-]{subsection.5.3}{Variable\040lifetime\040and\040lexical\040scoping}{section.5}% 14
\BOOKMARK [2][-]{subsection.5.4}{Typing\040system}{section.5}% 15
\BOOKMARK [1][-]{section.6}{SSM\040compilation}{}% 16
\BOOKMARK [2][-]{subsection.6.1}{Compilation\040schemes}{section.6}% 17
\BOOKMARK [2][-]{subsection.6.2}{Calling\040convention}{section.6}% 18
\BOOKMARK [2][-]{subsection.6.3}{Heap\040/\040by-reference\040data\040types}{section.6}% 19
\BOOKMARK [1][-]{section.7}{LLVM\040IR\040compilation}{}% 20
\BOOKMARK [1][-]{appendix.A}{Code}{}% 21
